<?xml version="1.0" encoding="UTF-8"?>
<!-- Generated by org.testng.reporters.JUnitReportReporter -->
<testsuite skipped="0" hostname="BOTL060" name="com.veevacrm.runner.TestRunner" tests="3" failures="0" timestamp="06 Sep 2019 11:57:44 GMT" time="848.958" errors="0">
  <testcase name="feature" time="785.673" classname="com.veevacrm.runner.TestRunner"/>
  <testcase name="feature" time="27.313" classname="com.veevacrm.runner.TestRunner"/>
  <testcase name="feature" time="35.972" classname="com.veevacrm.runner.TestRunner"/>
</testsuite> <!-- com.veevacrm.runner.TestRunner -->
